[     9ms [32minit[m INFO] [32m-[m: Logging initialized
[     9ms [32minit[m INFO] [32m-[m: running root portion
[     7ms [32msuperuser[m INFO] [32m-[m: Logging initialized
[     9ms [32msuperuser[m INFO] [32ms[m: Installing OS packages...
[     9ms [32msuperuser[m INFO] [32m[32mapt-get[m[m: starting ['apt-get', 'install', '-y', 'vim', 'git', 'python-pip', 'fail2ban', 'build-essential', 'python-dev', 'ntp', 'tmux', 'tig']...
[    25ms [32msuperuser[m INFO] [32m[32mapt-get[m[m: Reading package lists... Done
[   335ms [32msuperuser[m INFO] [32m[32mapt-get[m[m: Building dependency tree       
[   341ms [32msuperuser[m INFO] [32m[32mapt-get[m[m: Reading state information... Done
[   476ms [32msuperuser[m INFO] [32m[32mapt-get[m[m: tmux is already the newest version.
[   477ms [32msuperuser[m INFO] [32m[32mapt-get[m[m: python-pip is already the newest version.
[   478ms [32msuperuser[m INFO] [32m[32mapt-get[m[m: tig is already the newest version.
[   478ms [32msuperuser[m INFO] [32m[32mapt-get[m[m: build-essential is already the newest version.
[   480ms [32msuperuser[m INFO] [32m[32mapt-get[m[m: ntp is already the newest version.
[   480ms [32msuperuser[m INFO] [32m[32mapt-get[m[m: python-dev is already the newest version.
[   481ms [32msuperuser[m INFO] [32m[32mapt-get[m[m: vim is already the newest version.
[   481ms [32msuperuser[m INFO] [32m[32mapt-get[m[m: fail2ban is already the newest version.
[   482ms [32msuperuser[m INFO] [32m[32mapt-get[m[m: git is already the newest version.
[   664ms [32msuperuser[m INFO] [32m[32mapt-get[m[m: The following packages were automatically installed and are no longer required:
[   665ms [32msuperuser[m INFO] [32m[32mapt-get[m[m:   node-node-uuid node-lru-cache node-which node-tar node-semver
[   665ms [32msuperuser[m INFO] [32m[32mapt-get[m[m:   node-block-stream libv8-3.7.12.22 node-request node-mkdirp node-fstream
[   666ms [32msuperuser[m INFO] [32m[32mapt-get[m[m:   node-nopt node-minimatch node-inherits linux-headers-3.5.0-23-generic
[   666ms [32msuperuser[m INFO] [32m[32mapt-get[m[m:   linux-headers-3.5.0-23 node-abbrev libev4 libv8-dev node-rimraf libc-ares2
[   668ms [32msuperuser[m INFO] [32m[32mapt-get[m[m:   thunderbird-globalmenu libev-dev libc-ares-dev node-graceful-fs node-ini
[   668ms [32msuperuser[m INFO] [32m[32mapt-get[m[m: Use 'apt-get autoremove' to remove them.
[   739ms [32msuperuser[m INFO] [32m[32mapt-get[m[m: 0 upgraded, 0 newly installed, 0 to remove and 0 not upgraded.
[   742ms [32msuperuser[m INFO] [32ms[m: Installing environment defaults...
[  3559ms [32minit[m INFO] [32m-[m: running user portion
[  3560ms [32minit[m INFO] [32m-[m: Installing pip packages...
[  3564ms [32minit[m INFO] [32m[32mpip[m[m: starting ['pip', 'install', '--user', '-M', 'virtualenv']...
[  3777ms [32minit[m INFO] [32m[32mpip[m[m: Can not perform a '--user' install. User site-packages are not visible in this virtualenv.
[  3781ms [32minit[m INFO] [32m[32mpip[m[m: Storing complete log in /home/jamis/.pip/pip.log
[  3792ms [32minit[m INFO] [32m[32mpip[m[m: starting ['pip', 'install', '--user', '-M', 'pytest']...
[  3931ms [32minit[m INFO] [32m[32mpip[m[m: Can not perform a '--user' install. User site-packages are not visible in this virtualenv.
[  3933ms [32minit[m INFO] [32m[32mpip[m[m: Storing complete log in /home/jamis/.pip/pip.log
[  3944ms [32minit[m INFO] [32m[32mpip[m[m: starting ['pip', 'install', '--user', '-M', 'twisted']...
[  4090ms [32minit[m INFO] [32m[32mpip[m[m: Can not perform a '--user' install. User site-packages are not visible in this virtualenv.
[  4092ms [32minit[m INFO] [32m[32mpip[m[m: Storing complete log in /home/jamis/.pip/pip.log
[  4103ms [32minit[m INFO] [32m[32mpip[m[m: starting ['pip', 'install', '--user', '-M', 'blessings']...
[  4240ms [32minit[m INFO] [32m[32mpip[m[m: Can not perform a '--user' install. User site-packages are not visible in this virtualenv.
[  4242ms [32minit[m INFO] [32m[32mpip[m[m: Storing complete log in /home/jamis/.pip/pip.log
[  4254ms [32minit[m INFO] [32m[32mpip[m[m: starting ['pip', 'install', '--user', '-M', 'watchdog']...
[  4395ms [32minit[m INFO] [32m[32mpip[m[m: Can not perform a '--user' install. User site-packages are not visible in this virtualenv.
[  4396ms [32minit[m INFO] [32m[32mpip[m[m: Storing complete log in /home/jamis/.pip/pip.log
[  4408ms [32minit[m INFO] [32mu[m: Doing user install...
[  4409ms [32minit[m INFO] [32mu[m: moving /home/jamis/.bash_logout to /home/jamis/.__dotfiles_deleted_.bash_logout_1379849677_
[  4410ms [32minit[m INFO] [32mu[m: installing files/vimrc -> ~/.vimrc_global
[  4410ms [32minit[m INFO] [32mu[m: installing files/vimrc_newsession -> ~/.vimrc_newsession
[  4411ms [32minit[m INFO] [32mu[m: installing files/bashrc -> ~/.bashrc_global
[  4411ms [32minit[m INFO] [32mu[m: deleting text from ~/.bashrc
[  4412ms [32minit[m INFO] [32mu[m: installing files/profile -> ~/.profile_global
[  4412ms [32minit[m INFO] [32m[32mgit submodule[m[m: starting ['git', 'submodule', 'init']...
[  4440ms [32minit[m INFO] [32m[32mgit submodule[m[m: Submodule 'submodules/ctrlp' () registered for path 'submodules/ctrlp'
[  4473ms [32minit[m INFO] [32m[32mgit submodule[m[m: Submodule 'submodules/fugitive' () registered for path 'submodules/fugitive'
[  4483ms [32minit[m INFO] [32m[32mgit submodule[m[m: Submodule 'submodules/nerdtree' () registered for path 'submodules/nerdtree'
[  4493ms [32minit[m INFO] [32m[32mgit submodule[m[m: Submodule 'submodules/pathogen' () registered for path 'submodules/pathogen'
[  4494ms [32minit[m INFO] [32m[32mgit submodule[m[m: starting ['git', 'submodule', 'update']...
[  4551ms [32minit[m INFO] [32mu[m: installing submodules/pathogen/autoload/pathogen.vim -> ~/.vim/autoload/pathogen.vim
[  4553ms [32minit[m INFO] [32mu[m: installing submodules/nerdtree/ -> ~/.vim/bundle/nerdtree/
[  4553ms [32minit[m INFO] [32mu[m: installing submodules/ctrlp/ -> ~/.vim/bundle/ctrlp/
[  4554ms [32minit[m INFO] [32mu[m: installing submodules/fugitive/ -> ~/.vim/bundle/fugitive/
[     9ms [32minit[m INFO] [32m-[m: Logging initialized
[    10ms [32minit[m INFO] [32m-[m: running root portion
[    10ms [32msuperuser[m INFO] [32m-[m: Logging initialized
[    11ms [32msuperuser[m INFO] [32ms[m: Installing OS packages...
[    11ms [32msuperuser[m INFO] [32m[32mapt-get[m[m: starting ['apt-get', 'install', '-y', 'vim', 'git', 'python-pip', 'fail2ban', 'build-essential', 'python-dev', 'ntp', 'tmux', 'tig']...
[    24ms [32msuperuser[m INFO] [32m[32mapt-get[m[m: Reading package lists... Done
[   348ms [32msuperuser[m INFO] [32m[32mapt-get[m[m: Building dependency tree       
[   355ms [32msuperuser[m INFO] [32m[32mapt-get[m[m: Reading state information... Done
[   498ms [32msuperuser[m INFO] [32m[32mapt-get[m[m: tmux is already the newest version.
[   499ms [32msuperuser[m INFO] [32m[32mapt-get[m[m: python-pip is already the newest version.
[   500ms [32msuperuser[m INFO] [32m[32mapt-get[m[m: tig is already the newest version.
[   500ms [32msuperuser[m INFO] [32m[32mapt-get[m[m: build-essential is already the newest version.
[   501ms [32msuperuser[m INFO] [32m[32mapt-get[m[m: ntp is already the newest version.
[   501ms [32msuperuser[m INFO] [32m[32mapt-get[m[m: python-dev is already the newest version.
[   507ms [32msuperuser[m INFO] [32m[32mapt-get[m[m: vim is already the newest version.
[   508ms [32msuperuser[m INFO] [32m[32mapt-get[m[m: fail2ban is already the newest version.
[   508ms [32msuperuser[m INFO] [32m[32mapt-get[m[m: git is already the newest version.
[   687ms [32msuperuser[m INFO] [32m[32mapt-get[m[m: The following packages were automatically installed and are no longer required:
[   688ms [32msuperuser[m INFO] [32m[32mapt-get[m[m:   node-node-uuid node-lru-cache node-which node-tar node-semver
[   689ms [32msuperuser[m INFO] [32m[32mapt-get[m[m:   node-block-stream libv8-3.7.12.22 node-request node-mkdirp node-fstream
[   689ms [32msuperuser[m INFO] [32m[32mapt-get[m[m:   node-nopt node-minimatch node-inherits linux-headers-3.5.0-23-generic
[   690ms [32msuperuser[m INFO] [32m[32mapt-get[m[m:   linux-headers-3.5.0-23 node-abbrev libev4 libv8-dev node-rimraf libc-ares2
[   690ms [32msuperuser[m INFO] [32m[32mapt-get[m[m:   thunderbird-globalmenu libev-dev libc-ares-dev node-graceful-fs node-ini
[   690ms [32msuperuser[m INFO] [32m[32mapt-get[m[m: Use 'apt-get autoremove' to remove them.
[   757ms [32msuperuser[m INFO] [32m[32mapt-get[m[m: 0 upgraded, 0 newly installed, 0 to remove and 0 not upgraded.
[   761ms [32msuperuser[m INFO] [32ms[m: Installing environment defaults...
[   798ms [32minit[m INFO] [32m-[m: running user portion
[   800ms [32minit[m INFO] [32m-[m: Installing pip packages...
[   802ms [32minit[m INFO] [32m[32mpip[m[m: starting ['pip', 'install', '--user', '-M', 'virtualenv']...
[   943ms [32minit[m INFO] [32m[32mpip[m[m: Can not perform a '--user' install. User site-packages are not visible in this virtualenv.
[   945ms [32minit[m INFO] [32m[32mpip[m[m: Storing complete log in /home/jamis/.pip/pip.log
[   957ms [32minit[m INFO] [32m[32mpip[m[m: starting ['pip', 'install', '--user', '-M', 'pytest']...
[  1097ms [32minit[m INFO] [32m[32mpip[m[m: Can not perform a '--user' install. User site-packages are not visible in this virtualenv.
[  1099ms [32minit[m INFO] [32m[32mpip[m[m: Storing complete log in /home/jamis/.pip/pip.log
[  1113ms [32minit[m INFO] [32m[32mpip[m[m: starting ['pip', 'install', '--user', '-M', 'twisted']...
[  1249ms [32minit[m INFO] [32m[32mpip[m[m: Can not perform a '--user' install. User site-packages are not visible in this virtualenv.
[  1250ms [32minit[m INFO] [32m[32mpip[m[m: Storing complete log in /home/jamis/.pip/pip.log
[  1262ms [32minit[m INFO] [32m[32mpip[m[m: starting ['pip', 'install', '--user', '-M', 'blessings']...
[  1410ms [32minit[m INFO] [32m[32mpip[m[m: Can not perform a '--user' install. User site-packages are not visible in this virtualenv.
[  1411ms [32minit[m INFO] [32m[32mpip[m[m: Storing complete log in /home/jamis/.pip/pip.log
[  1423ms [32minit[m INFO] [32m[32mpip[m[m: starting ['pip', 'install', '--user', '-M', 'watchdog']...
[  1563ms [32minit[m INFO] [32m[32mpip[m[m: Can not perform a '--user' install. User site-packages are not visible in this virtualenv.
[  1565ms [32minit[m INFO] [32m[32mpip[m[m: Storing complete log in /home/jamis/.pip/pip.log
[  1577ms [32minit[m INFO] [32mu[m: Doing user install...
[  1578ms [32minit[m INFO] [32mu[m: moving /home/jamis/.bash_logout to /home/jamis/.__dotfiles_deleted_.bash_logout_1379849730_
[  1579ms [32minit[m INFO] [32mu[m: installing files/vimrc -> ~/.vimrc_global
[  1579ms [32minit[m INFO] [32mu[m: installing files/vimrc_newsession -> ~/.vimrc_newsession
[  1580ms [32minit[m INFO] [32mu[m: installing files/bashrc -> ~/.bashrc_global
[  1580ms [32minit[m INFO] [32mu[m: deleting text from ~/.bashrc
[  1581ms [32minit[m INFO] [32mu[m: installing files/profile -> ~/.profile_global
[  1582ms [32minit[m INFO] [32m[32mgit submodule[m[m: starting ['git', 'submodule', 'init']...
[  1618ms [32minit[m INFO] [32m[32mgit submodule[m[m: Submodule 'submodules/ctrlp' () registered for path 'submodules/ctrlp'
[  1633ms [32minit[m INFO] [32m[32mgit submodule[m[m: Submodule 'submodules/fugitive' () registered for path 'submodules/fugitive'
[  1645ms [32minit[m INFO] [32m[32mgit submodule[m[m: Submodule 'submodules/nerdtree' () registered for path 'submodules/nerdtree'
[  1654ms [32minit[m INFO] [32m[32mgit submodule[m[m: Submodule 'submodules/pathogen' () registered for path 'submodules/pathogen'
[  1656ms [32minit[m INFO] [32m[32mgit submodule[m[m: starting ['git', 'submodule', 'update']...
[  1724ms [32minit[m INFO] [32mu[m: installing submodules/pathogen/autoload/pathogen.vim -> ~/.vim/autoload/pathogen.vim
[  1725ms [32minit[m INFO] [32mu[m: installing submodules/nerdtree/ -> ~/.vim/bundle/nerdtree/
[  1726ms [32minit[m INFO] [32mu[m: installing submodules/ctrlp/ -> ~/.vim/bundle/ctrlp/
[  1727ms [32minit[m INFO] [32mu[m: installing submodules/fugitive/ -> ~/.vim/bundle/fugitive/
